<?xml version="1.0" encoding="UTF-8"?>
<testng-results ignored="0" total="1" passed="1" failed="0" skipped="0">
  <reporter-output>
  </reporter-output>
  <suite started-at="2024-02-27T16:15:23 IST" name="Default suite" finished-at="2024-02-27T16:15:43 IST" duration-ms="20022">
    <groups>
    </groups>
    <test started-at="2024-02-27T16:15:23 IST" name="Default test" finished-at="2024-02-27T16:15:43 IST" duration-ms="20022">
      <class name="Automation_Amazon.GoToCart_WithoutLogin">
        <test-method signature="GoToCart()[pri:0, instance:Automation_Amazon.GoToCart_WithoutLogin@3d6f0054]" started-at="2024-02-27T16:15:23 IST" name="GoToCart" finished-at="2024-02-27T16:15:43 IST" duration-ms="19959" status="PASS">
          <reporter-output>
          </reporter-output>
        </test-method> <!-- GoToCart -->
      </class> <!-- Automation_Amazon.GoToCart_WithoutLogin -->
    </test> <!-- Default test -->
  </suite> <!-- Default suite -->
</testng-results>
